<?xml version="1.0" encoding="UTF-8"?>
<!-- Generated by org.testng.reporters.JUnitXMLReporter -->
<testsuite ignored="2" hostname="NARAYANA" failures="1" tests="4" name="Test" time="35.488" errors="0" timestamp="2022-03-04T12:22:54 IST">
  <testcase classname="com.crmPRACTICE.TakeSchreenshot" name="createContactWithBaseClassTest" time="0.008">
    <skipped/>
  </testcase> <!-- createContactWithBaseClassTest -->
  <testcase classname="com.crmPRACTICE.TakeSchreenshot" name="createContactWithBaseClassTest" time="0.0">
    <skipped/>
  </testcase> <!-- createContactWithBaseClassTest -->
  <testcase classname="com.crmPRACTICE.TakeSchreenshot" name="createContactWithBaseClassTest" time="0.002">
    <skipped/>
  </testcase> <!-- createContactWithBaseClassTest -->
  <testcase classname="com.crmPRACTICE.TakeSchreenshot" name="createContactWithBaseClassTest" time="0.0">
    <failure type="java.lang.Error" message="Unresolved compilation problem: 
	lastNam cannot be resolved to a variable
">
      <![CDATA[java.lang.Error: Unresolved compilation problem: 
lastNam cannot be resolved to a variable

at com.crmPRACTICE.TakeSchreenshot.createContactWithBaseClassTest(TakeSchreenshot.java:51)
at java.base/java.util.ArrayList.forEach(ArrayList.java:1511)
... Removed 27 stack frames]]>
    </failure>
  </testcase> <!-- createContactWithBaseClassTest -->
  <testcase classname="com.crm.GenericLibrary.BaseClass" name="@BeforeSuite closeDb" time="0.0">
    <ignored/>
  </testcase> <!-- @BeforeSuite closeDb -->
  <testcase classname="com.crm.GenericLibrary.BaseClass" name="@BeforeSuite connectDataBase" time="0.0">
    <ignored/>
  </testcase> <!-- @BeforeSuite connectDataBase -->
</testsuite> <!-- Test -->
