<?xml version="1.0" encoding="UTF-8"?>
<testng-results ignored="0" total="1" passed="1" failed="0" skipped="0">
  <reporter-output>
  </reporter-output>
  <suite started-at="2022-03-14T10:14:58 IST" name="Default suite" finished-at="2022-03-14T10:15:05 IST" duration-ms="7091">
    <groups>
    </groups>
    <test started-at="2022-03-14T10:14:58 IST" name="Default test" finished-at="2022-03-14T10:15:05 IST" duration-ms="7091">
      <class name="com.crmPRACTICE.DemoOfNavigationTest">
        <test-method signature="demoOfNavigationTest()[pri:0, instance:com.crmPRACTICE.DemoOfNavigationTest@a2431d0]" started-at="2022-03-14T10:14:58 IST" name="demoOfNavigationTest" finished-at="2022-03-14T10:15:05 IST" duration-ms="7040" status="PASS">
          <reporter-output>
          </reporter-output>
        </test-method> <!-- demoOfNavigationTest -->
      </class> <!-- com.crmPRACTICE.DemoOfNavigationTest -->
    </test> <!-- Default test -->
  </suite> <!-- Default suite -->
</testng-results>
